app/build/intermediates/manifest_merge_blame_file/debug/processDebugMainManifest/manifest-merger-blame-debug-report.txt
1<?xml version="1.0" encoding="utf-8"?>
2<manifest xmlns:android="http://schemas.android.com/apk/res/android"
3    package="com.kennyb1201.kbstream"
4    android:versionCode="1"
5    android:versionName="0.1.0-dev" >
6
7    <uses-sdk
8        android:minSdkVersion="23"
9        android:targetSdkVersion="35" />
10
11    <uses-permission android:name="android.permission.INTERNET" />
11-->src/main/AndroidManifest.xml:2:5-67
11-->src/main/AndroidManifest.xml:2:22-64
12    <uses-permission android:name="android.permission.PICTURE_IN_PICTURE" />
12-->src/main/AndroidManifest.xml:3:5-77
12-->src/main/AndroidManifest.xml:3:22-74
13    <!--
14         In-app self-update: lets the system offer the install prompt for a
15         downloaded APK (sideloaded builds are not Play-managed).
16    -->
17    <uses-permission android:name="android.permission.REQUEST_INSTALL_PACKAGES" />
17-->src/main/AndroidManifest.xml:6:5-83
17-->src/main/AndroidManifest.xml:6:22-80
18
19    <!--
20         Voice search: let the system speech RecognizerIntent resolve on
21         Android 11+ (package visibility filtering).
22    -->
23    <queries>
23-->src/main/AndroidManifest.xml:10:5-14:15
24        <intent>
24-->src/main/AndroidManifest.xml:11:9-13:18
25            <action android:name="android.speech.RecognitionService" />
25-->src/main/AndroidManifest.xml:12:13-72
25-->src/main/AndroidManifest.xml:12:21-69
26        </intent>
27    </queries>
28
29    <uses-feature
29-->src/main/AndroidManifest.xml:16:5-18:35
30        android:name="android.software.leanback"
30-->src/main/AndroidManifest.xml:17:9-49
31        android:required="true" />
31-->src/main/AndroidManifest.xml:18:9-32
32    <uses-feature
32-->src/main/AndroidManifest.xml:19:5-21:36
33        android:name="android.hardware.touchscreen"
33-->src/main/AndroidManifest.xml:20:9-52
34        android:required="false" />
34-->src/main/AndroidManifest.xml:21:9-33
35
36    <uses-permission android:name="android.permission.WAKE_LOCK" />
36-->[androidx.work:work-runtime:2.10.1] AndroidManifest.xml:23:5-68
36-->[androidx.work:work-runtime:2.10.1] AndroidManifest.xml:23:22-65
37    <uses-permission android:name="android.permission.ACCESS_NETWORK_STATE" />
37-->[androidx.work:work-runtime:2.10.1] AndroidManifest.xml:24:5-79
37-->[androidx.work:work-runtime:2.10.1] AndroidManifest.xml:24:22-76
38    <uses-permission android:name="android.permission.RECEIVE_BOOT_COMPLETED" />
38-->[androidx.work:work-runtime:2.10.1] AndroidManifest.xml:25:5-81
38-->[androidx.work:work-runtime:2.10.1] AndroidManifest.xml:25:22-78
39    <uses-permission android:name="android.permission.FOREGROUND_SERVICE" />
39-->[androidx.work:work-runtime:2.10.1] AndroidManifest.xml:26:5-77
39-->[androidx.work:work-runtime:2.10.1] AndroidManifest.xml:26:22-74
40
41    <permission
41-->[androidx.core:core:1.16.0] AndroidManifest.xml:22:5-24:47
42        android:name="com.kennyb1201.kbstream.DYNAMIC_RECEIVER_NOT_EXPORTED_PERMISSION"
42-->[androidx.core:core:1.16.0] AndroidManifest.xml:23:9-81
43        android:protectionLevel="signature" />
43-->[androidx.core:core:1.16.0] AndroidManifest.xml:24:9-44
44
45    <uses-permission android:name="com.kennyb1201.kbstream.DYNAMIC_RECEIVER_NOT_EXPORTED_PERMISSION" />
45-->[androidx.core:core:1.16.0] AndroidManifest.xml:26:5-97
45-->[androidx.core:core:1.16.0] AndroidManifest.xml:26:22-94
46
47    <application
47-->src/main/AndroidManifest.xml:23:5-69:19
48        android:name="com.kennyb1201.kbstream.MainApplication"
48-->src/main/AndroidManifest.xml:24:9-40
49        android:appComponentFactory="androidx.core.app.CoreComponentFactory"
49-->[androidx.core:core:1.16.0] AndroidManifest.xml:28:18-86
50        android:banner="@mipmap/ic_launcher"
50-->src/main/AndroidManifest.xml:26:9-45
51        android:debuggable="true"
52        android:extractNativeLibs="false"
53        android:icon="@mipmap/ic_launcher"
53-->src/main/AndroidManifest.xml:27:9-43
54        android:label="KBStream"
54-->src/main/AndroidManifest.xml:25:9-33
55        android:networkSecurityConfig="@xml/network_security_config"
55-->src/main/AndroidManifest.xml:28:9-69
56        android:theme="@style/Theme.KBStream" >
56-->src/main/AndroidManifest.xml:29:9-46
57
58        <!--
59             Sentry is initialized programmatically in MainApplication so the
60             DSN can come from build config; disable the SDK's auto-init.
61        -->
62        <meta-data
62-->src/main/AndroidManifest.xml:33:9-35:37
63            android:name="io.sentry.auto-init"
63-->src/main/AndroidManifest.xml:34:13-47
64            android:value="false" />
64-->src/main/AndroidManifest.xml:35:13-34
65
66        <activity
66-->src/main/AndroidManifest.xml:37:9-48:20
67            android:name="com.kennyb1201.kbstream.MainActivity"
67-->src/main/AndroidManifest.xml:38:13-41
68            android:exported="true"
68-->src/main/AndroidManifest.xml:39:13-36
69            android:resizeableActivity="false"
69-->src/main/AndroidManifest.xml:40:13-47
70            android:screenOrientation="landscape"
70-->src/main/AndroidManifest.xml:41:13-50
71            android:windowSoftInputMode="stateHidden|adjustResize" >
71-->src/main/AndroidManifest.xml:42:13-67
72            <intent-filter>
72-->src/main/AndroidManifest.xml:43:13-47:29
73                <action android:name="android.intent.action.MAIN" />
73-->src/main/AndroidManifest.xml:44:17-69
73-->src/main/AndroidManifest.xml:44:25-66
74
75                <category android:name="android.intent.category.LAUNCHER" />
75-->src/main/AndroidManifest.xml:45:17-77
75-->src/main/AndroidManifest.xml:45:27-74
76                <category android:name="android.intent.category.LEANBACK_LAUNCHER" />
76-->src/main/AndroidManifest.xml:46:17-86
76-->src/main/AndroidManifest.xml:46:27-83
77            </intent-filter>
78        </activity>
79        <activity
79-->src/main/AndroidManifest.xml:50:9-56:53
80            android:name="com.kennyb1201.kbstream.ui.player.NativePlayerActivity"
80-->src/main/AndroidManifest.xml:51:13-59
81            android:configChanges="screenSize|smallestScreenSize|screenLayout|orientation|keyboardHidden"
81-->src/main/AndroidManifest.xml:55:13-106
82            android:exported="false"
82-->src/main/AndroidManifest.xml:52:13-37
83            android:resizeableActivity="true"
83-->src/main/AndroidManifest.xml:53:13-46
84            android:screenOrientation="landscape"
84-->src/main/AndroidManifest.xml:56:13-50
85            android:supportsPictureInPicture="true" />
85-->src/main/AndroidManifest.xml:54:13-52
86
87        <!--
88             Self-update fallback flow: shares the downloaded APK with the
89             system installer via a content URI.
90        -->
91        <provider
92            android:name="androidx.core.content.FileProvider"
92-->src/main/AndroidManifest.xml:61:13-62
93            android:authorities="com.kennyb1201.kbstream.updateprovider"
93-->src/main/AndroidManifest.xml:62:13-64
94            android:exported="false"
94-->src/main/AndroidManifest.xml:63:13-37
95            android:grantUriPermissions="true" >
95-->src/main/AndroidManifest.xml:64:13-47
96            <meta-data
96-->src/main/AndroidManifest.xml:65:13-67:61
97                android:name="android.support.FILE_PROVIDER_PATHS"
97-->src/main/AndroidManifest.xml:66:17-67
98                android:resource="@xml/update_file_paths" />
98-->src/main/AndroidManifest.xml:67:17-58
99        </provider>
100
101        <activity
101-->[androidx.compose.ui:ui-tooling-android:1.10.3] AndroidManifest.xml:23:9-25:39
102            android:name="androidx.compose.ui.tooling.PreviewActivity"
102-->[androidx.compose.ui:ui-tooling-android:1.10.3] AndroidManifest.xml:24:13-71
103            android:exported="true" /> <!-- 'android:authorities' must be unique in the device, across all apps -->
103-->[androidx.compose.ui:ui-tooling-android:1.10.3] AndroidManifest.xml:25:13-36
104        <provider
104-->[io.sentry:sentry-android-core:7.19.0] AndroidManifest.xml:12:9-15:40
105            android:name="io.sentry.android.core.SentryInitProvider"
105-->[io.sentry:sentry-android-core:7.19.0] AndroidManifest.xml:13:13-69
106            android:authorities="com.kennyb1201.kbstream.SentryInitProvider"
106-->[io.sentry:sentry-android-core:7.19.0] AndroidManifest.xml:14:13-70
107            android:exported="false" />
107-->[io.sentry:sentry-android-core:7.19.0] AndroidManifest.xml:15:13-37
108        <provider
108-->[io.sentry:sentry-android-core:7.19.0] AndroidManifest.xml:16:9-20:39
109            android:name="io.sentry.android.core.SentryPerformanceProvider"
109-->[io.sentry:sentry-android-core:7.19.0] AndroidManifest.xml:17:13-76
110            android:authorities="com.kennyb1201.kbstream.SentryPerformanceProvider"
110-->[io.sentry:sentry-android-core:7.19.0] AndroidManifest.xml:18:13-77
111            android:exported="false"
111-->[io.sentry:sentry-android-core:7.19.0] AndroidManifest.xml:19:13-37
112            android:initOrder="200" />
112-->[io.sentry:sentry-android-core:7.19.0] AndroidManifest.xml:20:13-36
113        <provider
113-->[androidx.work:work-runtime:2.10.1] AndroidManifest.xml:29:9-37:20
114            android:name="androidx.startup.InitializationProvider"
114-->[androidx.work:work-runtime:2.10.1] AndroidManifest.xml:30:13-67
115            android:authorities="com.kennyb1201.kbstream.androidx-startup"
115-->[androidx.work:work-runtime:2.10.1] AndroidManifest.xml:31:13-68
116            android:exported="false" >
116-->[androidx.work:work-runtime:2.10.1] AndroidManifest.xml:32:13-37
117            <meta-data
117-->[androidx.work:work-runtime:2.10.1] AndroidManifest.xml:34:13-36:52
118                android:name="androidx.work.WorkManagerInitializer"
118-->[androidx.work:work-runtime:2.10.1] AndroidManifest.xml:35:17-68
119                android:value="androidx.startup" />
119-->[androidx.work:work-runtime:2.10.1] AndroidManifest.xml:36:17-49
120            <meta-data
120-->[androidx.emoji2:emoji2:1.4.0] AndroidManifest.xml:29:13-31:52
121                android:name="androidx.emoji2.text.EmojiCompatInitializer"
121-->[androidx.emoji2:emoji2:1.4.0] AndroidManifest.xml:30:17-75
122                android:value="androidx.startup" />
122-->[androidx.emoji2:emoji2:1.4.0] AndroidManifest.xml:31:17-49
123            <meta-data
123-->[io.github.jan-tennert.supabase:gotrue-kt-android-debug:2.6.1] AndroidManifest.xml:14:13-16:52
124                android:name="io.github.jan.supabase.gotrue.SupabaseInitializer"
124-->[io.github.jan-tennert.supabase:gotrue-kt-android-debug:2.6.1] AndroidManifest.xml:15:17-81
125                android:value="androidx.startup" />
125-->[io.github.jan-tennert.supabase:gotrue-kt-android-debug:2.6.1] AndroidManifest.xml:16:17-49
126            <meta-data
126-->[androidx.lifecycle:lifecycle-process:2.9.4] AndroidManifest.xml:29:13-31:52
127                android:name="androidx.lifecycle.ProcessLifecycleInitializer"
127-->[androidx.lifecycle:lifecycle-process:2.9.4] AndroidManifest.xml:30:17-78
128                android:value="androidx.startup" />
128-->[androidx.lifecycle:lifecycle-process:2.9.4] AndroidManifest.xml:31:17-49
129            <meta-data
129-->[androidx.profileinstaller:profileinstaller:1.4.1] AndroidManifest.xml:29:13-31:52
130                android:name="androidx.profileinstaller.ProfileInstallerInitializer"
130-->[androidx.profileinstaller:profileinstaller:1.4.1] AndroidManifest.xml:30:17-85
131                android:value="androidx.startup" />
131-->[androidx.profileinstaller:profileinstaller:1.4.1] AndroidManifest.xml:31:17-49
132            <meta-data
132-->[com.russhwolf:multiplatform-settings-no-arg-android-debug:1.1.1] AndroidManifest.xml:29:13-31:52
133                android:name="com.russhwolf.settings.SettingsInitializer"
133-->[com.russhwolf:multiplatform-settings-no-arg-android-debug:1.1.1] AndroidManifest.xml:30:17-74
134                android:value="androidx.startup" />
134-->[com.russhwolf:multiplatform-settings-no-arg-android-debug:1.1.1] AndroidManifest.xml:31:17-49
135        </provider>
136
137        <service
137-->[androidx.work:work-runtime:2.10.1] AndroidManifest.xml:39:9-45:35
138            android:name="androidx.work.impl.background.systemalarm.SystemAlarmService"
138-->[androidx.work:work-runtime:2.10.1] AndroidManifest.xml:40:13-88
139            android:directBootAware="false"
139-->[androidx.work:work-runtime:2.10.1] AndroidManifest.xml:41:13-44
140            android:enabled="@bool/enable_system_alarm_service_default"
140-->[androidx.work:work-runtime:2.10.1] AndroidManifest.xml:42:13-72
141            android:exported="false" />
141-->[androidx.work:work-runtime:2.10.1] AndroidManifest.xml:43:13-37
142        <service
142-->[androidx.work:work-runtime:2.10.1] AndroidManifest.xml:46:9-52:35
143            android:name="androidx.work.impl.background.systemjob.SystemJobService"
143-->[androidx.work:work-runtime:2.10.1] AndroidManifest.xml:47:13-84
144            android:directBootAware="false"
144-->[androidx.work:work-runtime:2.10.1] AndroidManifest.xml:48:13-44
145            android:enabled="@bool/enable_system_job_service_default"
145-->[androidx.work:work-runtime:2.10.1] AndroidManifest.xml:49:13-70
146            android:exported="true"
146-->[androidx.work:work-runtime:2.10.1] AndroidManifest.xml:50:13-36
147            android:permission="android.permission.BIND_JOB_SERVICE" />
147-->[androidx.work:work-runtime:2.10.1] AndroidManifest.xml:51:13-69
148        <service
148-->[androidx.work:work-runtime:2.10.1] AndroidManifest.xml:53:9-59:35
149            android:name="androidx.work.impl.foreground.SystemForegroundService"
149-->[androidx.work:work-runtime:2.10.1] AndroidManifest.xml:54:13-81
150            android:directBootAware="false"
150-->[androidx.work:work-runtime:2.10.1] AndroidManifest.xml:55:13-44
151            android:enabled="@bool/enable_system_foreground_service_default"
151-->[androidx.work:work-runtime:2.10.1] AndroidManifest.xml:56:13-77
152            android:exported="false" />
152-->[androidx.work:work-runtime:2.10.1] AndroidManifest.xml:57:13-37
153
154        <receiver
154-->[androidx.work:work-runtime:2.10.1] AndroidManifest.xml:61:9-66:35
155            android:name="androidx.work.impl.utils.ForceStopRunnable$BroadcastReceiver"
155-->[androidx.work:work-runtime:2.10.1] AndroidManifest.xml:62:13-88
156            android:directBootAware="false"
156-->[androidx.work:work-runtime:2.10.1] AndroidManifest.xml:63:13-44
157            android:enabled="true"
157-->[androidx.work:work-runtime:2.10.1] AndroidManifest.xml:64:13-35
158            android:exported="false" />
158-->[androidx.work:work-runtime:2.10.1] AndroidManifest.xml:65:13-37
159        <receiver
159-->[androidx.work:work-runtime:2.10.1] AndroidManifest.xml:67:9-77:20
160            android:name="androidx.work.impl.background.systemalarm.ConstraintProxy$BatteryChargingProxy"
160-->[androidx.work:work-runtime:2.10.1] AndroidManifest.xml:68:13-106
161            android:directBootAware="false"
161-->[androidx.work:work-runtime:2.10.1] AndroidManifest.xml:69:13-44
162            android:enabled="false"
162-->[androidx.work:work-runtime:2.10.1] AndroidManifest.xml:70:13-36
163            android:exported="false" >
163-->[androidx.work:work-runtime:2.10.1] AndroidManifest.xml:71:13-37
164            <intent-filter>
164-->[androidx.work:work-runtime:2.10.1] AndroidManifest.xml:73:13-76:29
165                <action android:name="android.intent.action.ACTION_POWER_CONNECTED" />
165-->[androidx.work:work-runtime:2.10.1] AndroidManifest.xml:74:17-87
165-->[androidx.work:work-runtime:2.10.1] AndroidManifest.xml:74:25-84
166                <action android:name="android.intent.action.ACTION_POWER_DISCONNECTED" />
166-->[androidx.work:work-runtime:2.10.1] AndroidManifest.xml:75:17-90
166-->[androidx.work:work-runtime:2.10.1] AndroidManifest.xml:75:25-87
167            </intent-filter>
168        </receiver>
169        <receiver
169-->[androidx.work:work-runtime:2.10.1] AndroidManifest.xml:78:9-88:20
170            android:name="androidx.work.impl.background.systemalarm.ConstraintProxy$BatteryNotLowProxy"
170-->[androidx.work:work-runtime:2.10.1] AndroidManifest.xml:79:13-104
171            android:directBootAware="false"
171-->[androidx.work:work-runtime:2.10.1] AndroidManifest.xml:80:13-44
172            android:enabled="false"
172-->[androidx.work:work-runtime:2.10.1] AndroidManifest.xml:81:13-36
173            android:exported="false" >
173-->[androidx.work:work-runtime:2.10.1] AndroidManifest.xml:82:13-37
174            <intent-filter>
174-->[androidx.work:work-runtime:2.10.1] AndroidManifest.xml:84:13-87:29
175                <action android:name="android.intent.action.BATTERY_OKAY" />
175-->[androidx.work:work-runtime:2.10.1] AndroidManifest.xml:85:17-77
175-->[androidx.work:work-runtime:2.10.1] AndroidManifest.xml:85:25-74
176                <action android:name="android.intent.action.BATTERY_LOW" />
176-->[androidx.work:work-runtime:2.10.1] AndroidManifest.xml:86:17-76
176-->[androidx.work:work-runtime:2.10.1] AndroidManifest.xml:86:25-73
177            </intent-filter>
178        </receiver>
179        <receiver
179-->[androidx.work:work-runtime:2.10.1] AndroidManifest.xml:89:9-99:20
180            android:name="androidx.work.impl.background.systemalarm.ConstraintProxy$StorageNotLowProxy"
180-->[androidx.work:work-runtime:2.10.1] AndroidManifest.xml:90:13-104
181            android:directBootAware="false"
181-->[androidx.work:work-runtime:2.10.1] AndroidManifest.xml:91:13-44
182            android:enabled="false"
182-->[androidx.work:work-runtime:2.10.1] AndroidManifest.xml:92:13-36
183            android:exported="false" >
183-->[androidx.work:work-runtime:2.10.1] AndroidManifest.xml:93:13-37
184            <intent-filter>
184-->[androidx.work:work-runtime:2.10.1] AndroidManifest.xml:95:13-98:29
185                <action android:name="android.intent.action.DEVICE_STORAGE_LOW" />
185-->[androidx.work:work-runtime:2.10.1] AndroidManifest.xml:96:17-83
185-->[androidx.work:work-runtime:2.10.1] AndroidManifest.xml:96:25-80
186                <action android:name="android.intent.action.DEVICE_STORAGE_OK" />
186-->[androidx.work:work-runtime:2.10.1] AndroidManifest.xml:97:17-82
186-->[androidx.work:work-runtime:2.10.1] AndroidManifest.xml:97:25-79
187            </intent-filter>
188        </receiver>
189        <receiver
189-->[androidx.work:work-runtime:2.10.1] AndroidManifest.xml:100:9-109:20
190            android:name="androidx.work.impl.background.systemalarm.ConstraintProxy$NetworkStateProxy"
190-->[androidx.work:work-runtime:2.10.1] AndroidManifest.xml:101:13-103
191            android:directBootAware="false"
191-->[androidx.work:work-runtime:2.10.1] AndroidManifest.xml:102:13-44
192            android:enabled="false"
192-->[androidx.work:work-runtime:2.10.1] AndroidManifest.xml:103:13-36
193            android:exported="false" >
193-->[androidx.work:work-runtime:2.10.1] AndroidManifest.xml:104:13-37
194            <intent-filter>
194-->[androidx.work:work-runtime:2.10.1] AndroidManifest.xml:106:13-108:29
195                <action android:name="android.net.conn.CONNECTIVITY_CHANGE" />
195-->[androidx.work:work-runtime:2.10.1] AndroidManifest.xml:107:17-79
195-->[androidx.work:work-runtime:2.10.1] AndroidManifest.xml:107:25-76
196            </intent-filter>
197        </receiver>
198        <receiver
198-->[androidx.work:work-runtime:2.10.1] AndroidManifest.xml:110:9-121:20
199            android:name="androidx.work.impl.background.systemalarm.RescheduleReceiver"
199-->[androidx.work:work-runtime:2.10.1] AndroidManifest.xml:111:13-88
200            android:directBootAware="false"
200-->[androidx.work:work-runtime:2.10.1] AndroidManifest.xml:112:13-44
201            android:enabled="false"
201-->[androidx.work:work-runtime:2.10.1] AndroidManifest.xml:113:13-36
202            android:exported="false" >
202-->[androidx.work:work-runtime:2.10.1] AndroidManifest.xml:114:13-37
203            <intent-filter>
203-->[androidx.work:work-runtime:2.10.1] AndroidManifest.xml:116:13-120:29
204                <action android:name="android.intent.action.BOOT_COMPLETED" />
204-->[androidx.work:work-runtime:2.10.1] AndroidManifest.xml:117:17-79
204-->[androidx.work:work-runtime:2.10.1] AndroidManifest.xml:117:25-76
205                <action android:name="android.intent.action.TIME_SET" />
205-->[androidx.work:work-runtime:2.10.1] AndroidManifest.xml:118:17-73
205-->[androidx.work:work-runtime:2.10.1] AndroidManifest.xml:118:25-70
206                <action android:name="android.intent.action.TIMEZONE_CHANGED" />
206-->[androidx.work:work-runtime:2.10.1] AndroidManifest.xml:119:17-81
206-->[androidx.work:work-runtime:2.10.1] AndroidManifest.xml:119:25-78
207            </intent-filter>
208        </receiver>
209        <receiver
209-->[androidx.work:work-runtime:2.10.1] AndroidManifest.xml:122:9-131:20
210            android:name="androidx.work.impl.background.systemalarm.ConstraintProxyUpdateReceiver"
210-->[androidx.work:work-runtime:2.10.1] AndroidManifest.xml:123:13-99
211            android:directBootAware="false"
211-->[androidx.work:work-runtime:2.10.1] AndroidManifest.xml:124:13-44
212            android:enabled="@bool/enable_system_alarm_service_default"
212-->[androidx.work:work-runtime:2.10.1] AndroidManifest.xml:125:13-72
213            android:exported="false" >
213-->[androidx.work:work-runtime:2.10.1] AndroidManifest.xml:126:13-37
214            <intent-filter>
214-->[androidx.work:work-runtime:2.10.1] AndroidManifest.xml:128:13-130:29
215                <action android:name="androidx.work.impl.background.systemalarm.UpdateProxies" />
215-->[androidx.work:work-runtime:2.10.1] AndroidManifest.xml:129:17-98
215-->[androidx.work:work-runtime:2.10.1] AndroidManifest.xml:129:25-95
216            </intent-filter>
217        </receiver>
218        <receiver
218-->[androidx.work:work-runtime:2.10.1] AndroidManifest.xml:132:9-142:20
219            android:name="androidx.work.impl.diagnostics.DiagnosticsReceiver"
219-->[androidx.work:work-runtime:2.10.1] AndroidManifest.xml:133:13-78
220            android:directBootAware="false"
220-->[androidx.work:work-runtime:2.10.1] AndroidManifest.xml:134:13-44
221            android:enabled="true"
221-->[androidx.work:work-runtime:2.10.1] AndroidManifest.xml:135:13-35
222            android:exported="true"
222-->[androidx.work:work-runtime:2.10.1] AndroidManifest.xml:136:13-36
223            android:permission="android.permission.DUMP" >
223-->[androidx.work:work-runtime:2.10.1] AndroidManifest.xml:137:13-57
224            <intent-filter>
224-->[androidx.work:work-runtime:2.10.1] AndroidManifest.xml:139:13-141:29
225                <action android:name="androidx.work.diagnostics.REQUEST_DIAGNOSTICS" />
225-->[androidx.work:work-runtime:2.10.1] AndroidManifest.xml:140:17-88
225-->[androidx.work:work-runtime:2.10.1] AndroidManifest.xml:140:25-85
226            </intent-filter>
227        </receiver>
228
229        <uses-library
229-->[androidx.window:window:1.5.0] AndroidManifest.xml:23:9-25:40
230            android:name="androidx.window.extensions"
230-->[androidx.window:window:1.5.0] AndroidManifest.xml:24:13-54
231            android:required="false" />
231-->[androidx.window:window:1.5.0] AndroidManifest.xml:25:13-37
232        <uses-library
232-->[androidx.window:window:1.5.0] AndroidManifest.xml:26:9-28:40
233            android:name="androidx.window.sidecar"
233-->[androidx.window:window:1.5.0] AndroidManifest.xml:27:13-51
234            android:required="false" />
234-->[androidx.window:window:1.5.0] AndroidManifest.xml:28:13-37
235
236        <service
236-->[androidx.room:room-runtime-android:2.7.1] AndroidManifest.xml:24:9-28:63
237            android:name="androidx.room.MultiInstanceInvalidationService"
237-->[androidx.room:room-runtime-android:2.7.1] AndroidManifest.xml:25:13-74
238            android:directBootAware="true"
238-->[androidx.room:room-runtime-android:2.7.1] AndroidManifest.xml:26:13-43
239            android:exported="false" />
239-->[androidx.room:room-runtime-android:2.7.1] AndroidManifest.xml:27:13-37
240
241        <receiver
241-->[androidx.profileinstaller:profileinstaller:1.4.1] AndroidManifest.xml:34:9-52:20
242            android:name="androidx.profileinstaller.ProfileInstallReceiver"
242-->[androidx.profileinstaller:profileinstaller:1.4.1] AndroidManifest.xml:35:13-76
243            android:directBootAware="false"
243-->[androidx.profileinstaller:profileinstaller:1.4.1] AndroidManifest.xml:36:13-44
244            android:enabled="true"
244-->[androidx.profileinstaller:profileinstaller:1.4.1] AndroidManifest.xml:37:13-35
245            android:exported="true"
245-->[androidx.profileinstaller:profileinstaller:1.4.1] AndroidManifest.xml:38:13-36
246            android:permission="android.permission.DUMP" >
246-->[androidx.profileinstaller:profileinstaller:1.4.1] AndroidManifest.xml:39:13-57
247            <intent-filter>
247-->[androidx.profileinstaller:profileinstaller:1.4.1] AndroidManifest.xml:40:13-42:29
248                <action android:name="androidx.profileinstaller.action.INSTALL_PROFILE" />
248-->[androidx.profileinstaller:profileinstaller:1.4.1] AndroidManifest.xml:41:17-91
248-->[androidx.profileinstaller:profileinstaller:1.4.1] AndroidManifest.xml:41:25-88
249            </intent-filter>
250            <intent-filter>
250-->[androidx.profileinstaller:profileinstaller:1.4.1] AndroidManifest.xml:43:13-45:29
251                <action android:name="androidx.profileinstaller.action.SKIP_FILE" />
251-->[androidx.profileinstaller:profileinstaller:1.4.1] AndroidManifest.xml:44:17-85
251-->[androidx.profileinstaller:profileinstaller:1.4.1] AndroidManifest.xml:44:25-82
252            </intent-filter>
253            <intent-filter>
253-->[androidx.profileinstaller:profileinstaller:1.4.1] AndroidManifest.xml:46:13-48:29
254                <action android:name="androidx.profileinstaller.action.SAVE_PROFILE" />
254-->[androidx.profileinstaller:profileinstaller:1.4.1] AndroidManifest.xml:47:17-88
254-->[androidx.profileinstaller:profileinstaller:1.4.1] AndroidManifest.xml:47:25-85
255            </intent-filter>
256            <intent-filter>
256-->[androidx.profileinstaller:profileinstaller:1.4.1] AndroidManifest.xml:49:13-51:29
257                <action android:name="androidx.profileinstaller.action.BENCHMARK_OPERATION" />
257-->[androidx.profileinstaller:profileinstaller:1.4.1] AndroidManifest.xml:50:17-95
257-->[androidx.profileinstaller:profileinstaller:1.4.1] AndroidManifest.xml:50:25-92
258            </intent-filter>
259        </receiver>
260    </application>
261
262</manifest>